<?xml version="1.0" encoding="UTF-8"?>
<testng-results ignored="0" total="1" passed="1" failed="0" skipped="0">
  <reporter-output>
  </reporter-output>
  <suite started-at="2023-11-15T06:42:09Z" name="concourseTestngMaven.TestNgMavenExample" finished-at="2023-11-15T06:42:09Z" duration-ms="18">
    <groups>
    </groups>
    <test started-at="2023-11-15T06:42:09Z" name="Command line test" finished-at="2023-11-15T06:42:09Z" duration-ms="18">
      <class name="concourseTestngMaven.TestNgMavenExample">
        <test-method signature="exampleOfTestNgMaven()[pri:0, instance:concourseTestngMaven.TestNgMavenExample@56de5251]" started-at="2023-11-15T06:42:09Z" name="exampleOfTestNgMaven" finished-at="2023-11-15T06:42:09Z" duration-ms="5" status="PASS">
          <reporter-output>
          </reporter-output>
        </test-method> <!-- exampleOfTestNgMaven -->
      </class> <!-- concourseTestngMaven.TestNgMavenExample -->
    </test> <!-- Command line test -->
  </suite> <!-- concourseTestngMaven.TestNgMavenExample -->
</testng-results>
